<?xml version="1.0" encoding="UTF-8"?>
<!-- Generated by org.testng.reporters.JUnitReportReporter -->
<testsuite hostname="DESKTOP-JN1JGBI" name="com.snehajenkins.NewtestMethod" tests="5" failures="0" timestamp="27 Apr 2020 11:33:21 GMT" time="60.192" errors="0">
  <testcase name="clickonAbout" time="6.160" classname="com.snehajenkins.NewtestMethod"/>
  <testcase name="clickonAdvertisement" time="5.718" classname="com.snehajenkins.NewtestMethod"/>
  <testcase name="clickonImages" time="6.364" classname="com.snehajenkins.NewtestMethod"/>
  <testcase name="clickonBusiness" time="4.390" classname="com.snehajenkins.NewtestMethod"/>
  <testcase name="clickonGmail" time="37.560" classname="com.snehajenkins.NewtestMethod"/>
</testsuite> <!-- com.snehajenkins.NewtestMethod -->
