<?xml version="1.0" encoding="UTF-8"?>
<!-- Generated by org.testng.reporters.JUnitReportReporter -->
<testsuite hostname="DESKTOP-JN1JGBI" name="com.snehajenkins.NewTestPriority" tests="3" failures="0" timestamp="7 May 2020 11:25:31 GMT" time="16.033" errors="0">
  <testcase name="Gmail" time="4.110" classname="com.snehajenkins.NewTestPriority"/>
  <testcase name="Yahoo" time="7.807" classname="com.snehajenkins.NewTestPriority"/>
  <testcase name="f" time="4.116" classname="com.snehajenkins.NewTestPriority"/>
</testsuite> <!-- com.snehajenkins.NewTestPriority -->
