<?xml version="1.0" encoding="UTF-8"?>
<!-- Generated by org.testng.reporters.JUnitReportReporter -->
<testsuite hostname="DESKTOP-JN1JGBI" name="com.snehajenkins.NewTestPriority" tests="3" failures="0" timestamp="27 Apr 2020 12:14:55 GMT" time="12.418" errors="0">
  <testcase name="f" time="1.930" classname="com.snehajenkins.NewTestPriority"/>
  <testcase name="Gmail" time="2.805" classname="com.snehajenkins.NewTestPriority"/>
  <testcase name="Yahoo" time="7.683" classname="com.snehajenkins.NewTestPriority"/>
</testsuite> <!-- com.snehajenkins.NewTestPriority -->
