<?xml version="1.0" encoding="UTF-8"?>
<!-- Generated by org.testng.reporters.JUnitReportReporter -->
<testsuite hostname="DESKTOP-JN1JGBI" name="com.snehajenkins.NewtestMethod" tests="5" failures="0" timestamp="27 Apr 2020 12:14:55 GMT" time="63.062" errors="0">
  <testcase name="clickonBusiness" time="6.383" classname="com.snehajenkins.NewtestMethod"/>
  <testcase name="clickonImages" time="15.534" classname="com.snehajenkins.NewtestMethod"/>
  <testcase name="clickonAbout" time="3.754" classname="com.snehajenkins.NewtestMethod"/>
  <testcase name="clickonGmail" time="21.856" classname="com.snehajenkins.NewtestMethod"/>
  <testcase name="clickonAdvertisement" time="15.535" classname="com.snehajenkins.NewtestMethod"/>
</testsuite> <!-- com.snehajenkins.NewtestMethod -->
